c:\users\james\desktop\jamescacurses\jamesca\debug\vc120.pdb
c:\users\james\desktop\jamescacurses\jamesca\debug\jamescaui.obj
c:\users\james\desktop\jamescacurses\jamesca\debug\jamesca.obj
c:\users\james\desktop\jamescacurses\jamesca\debug\consoleframes.obj
c:\users\james\desktop\jamescacurses\jamesca\debug\.netframework,version=v4.5.assemblyattributes.obj
c:\users\james\desktop\jamescacurses\jamesca\debug\pdcurses.obj
c:\users\james\desktop\jamescacurses\jamesca\debug\jamescurses.obj
c:\users\james\desktop\jamescacurses\jamesca\debug\jamesconsoleui.obj
c:\users\james\desktop\jamescacurses\debug\jamesca.exe
c:\users\james\desktop\jamescacurses\debug\jamesca.pdb
c:\users\james\desktop\jamescacurses\jamesca\debug\jamesca.vcxprojresolveassemblyreference.cache
c:\users\james\desktop\jamescacurses\jamesca\debug\jamesca_ui.obj
c:\users\james\desktop\jamescacurses\jamesca\debug\jamesca.tlog\cl.command.1.tlog
c:\users\james\desktop\jamescacurses\jamesca\debug\jamesca.tlog\cl.read.1.tlog
c:\users\james\desktop\jamescacurses\jamesca\debug\jamesca.tlog\cl.write.1.tlog
c:\users\james\desktop\jamescacurses\jamesca\debug\jamesca.tlog\link.command.1.tlog
c:\users\james\desktop\jamescacurses\jamesca\debug\jamesca.tlog\link.read.1.tlog
c:\users\james\desktop\jamescacurses\jamesca\debug\jamesca.tlog\link.write.1.tlog
c:\users\james\desktop\jamescacurses\jamesca\debug\jamesca.tlog\metagen.read.1.tlog
c:\users\james\desktop\jamescacurses\jamesca\debug\jamesca.tlog\metagen.write.1.tlog
c:\users\james\desktop\jamescacurses\jamesca\debug\jamesca.tlog\tzres.dll.bi
